0 info it worked if it ends with ok
1 verbose cli [ '/usr/local/bin/node', '/usr/local/bin/npm', 'run', 'release' ]
2 info using npm@3.10.10
3 info using node@v6.11.3
4 verbose run-script [ 'prerelease', 'release', 'postrelease' ]
5 info lifecycle release-inquirer@0.0.1~prerelease: release-inquirer@0.0.1
6 silly lifecycle release-inquirer@0.0.1~prerelease: no script for prerelease, continuing
7 info lifecycle release-inquirer@0.0.1~release: release-inquirer@0.0.1
8 verbose lifecycle release-inquirer@0.0.1~release: unsafe-perm in lifecycle true
9 verbose lifecycle release-inquirer@0.0.1~release: PATH: /usr/local/lib/node_modules/npm/bin/node-gyp-bin:/Users/haolchen/Documents/__self__/release-inquirer/node_modules/.bin:/usr/local/bin:/usr/bin:/bin:/usr/sbin:/sbin
10 verbose lifecycle release-inquirer@0.0.1~release: CWD: /Users/haolchen/Documents/__self__/release-inquirer
11 silly lifecycle release-inquirer@0.0.1~release: Args: [ '-c', 'node release.js' ]
12 silly lifecycle release-inquirer@0.0.1~release: Returned: code: 1  signal: null
13 info lifecycle release-inquirer@0.0.1~release: Failed to exec release script
14 verbose stack Error: release-inquirer@0.0.1 release: `node release.js`
14 verbose stack Exit status 1
14 verbose stack     at EventEmitter.<anonymous> (/usr/local/lib/node_modules/npm/lib/utils/lifecycle.js:255:16)
14 verbose stack     at emitTwo (events.js:106:13)
14 verbose stack     at EventEmitter.emit (events.js:191:7)
14 verbose stack     at ChildProcess.<anonymous> (/usr/local/lib/node_modules/npm/lib/utils/spawn.js:40:14)
14 verbose stack     at emitTwo (events.js:106:13)
14 verbose stack     at ChildProcess.emit (events.js:191:7)
14 verbose stack     at maybeClose (internal/child_process.js:920:16)
14 verbose stack     at Process.ChildProcess._handle.onexit (internal/child_process.js:230:5)
15 verbose pkgid release-inquirer@0.0.1
16 verbose cwd /Users/haolchen/Documents/__self__/release-inquirer
17 error Darwin 16.7.0
18 error argv "/usr/local/bin/node" "/usr/local/bin/npm" "run" "release"
19 error node v6.11.3
20 error npm  v3.10.10
21 error code ELIFECYCLE
22 error release-inquirer@0.0.1 release: `node release.js`
22 error Exit status 1
23 error Failed at the release-inquirer@0.0.1 release script 'node release.js'.
23 error Make sure you have the latest version of node.js and npm installed.
23 error If you do, this is most likely a problem with the release-inquirer package,
23 error not with npm itself.
23 error Tell the author that this fails on your system:
23 error     node release.js
23 error You can get information on how to open an issue for this project with:
23 error     npm bugs release-inquirer
23 error Or if that isn't available, you can get their info via:
23 error     npm owner ls release-inquirer
23 error There is likely additional logging output above.
24 verbose exit [ 1, true ]
